<?xml version="1.0" encoding="UTF-8"?>
<!-- Generated by org.testng.reporters.JUnitReportReporter -->
<testsuite skipped="0" hostname="DESKTOP-CRDES68" name="com.inetbanking.testcase.TC_LogineTest_001" tests="1" failures="0" timestamp="2022-02-09T14:18:30 EST" time="4.472" errors="0">
  <testcase name="LogineTest" time="4.472" classname="com.inetbanking.testcase.TC_LogineTest_001"/>
  <system-out/>
</testsuite> <!-- com.inetbanking.testcase.TC_LogineTest_001 -->
